[17-Jan-2016 12:55:05 UTC] PHP Warning:  require(Configuration/config.php): failed to open stream: No such file or directory in /home/ubuntu/workspace/Views/login.php on line 3
[17-Jan-2016 12:55:05 UTC] PHP Stack trace:
[17-Jan-2016 12:55:05 UTC] PHP   1. {main}() /home/ubuntu/workspace/Views/login.php:0
[17-Jan-2016 12:55:05 UTC] PHP Fatal error:  require(): Failed opening required 'Configuration/config.php' (include_path='.:/usr/share/php:/usr/share/pear') in /home/ubuntu/workspace/Views/login.php on line 3
[17-Jan-2016 12:55:05 UTC] PHP Stack trace:
[17-Jan-2016 12:55:05 UTC] PHP   1. {main}() /home/ubuntu/workspace/Views/login.php:0
[17-Jan-2016 14:08:19 UTC] PHP Warning:  require(Service/session_service.php): failed to open stream: No such file or directory in /home/ubuntu/workspace/Controllers/header_controller.php on line 2
[17-Jan-2016 14:08:19 UTC] PHP Stack trace:
[17-Jan-2016 14:08:19 UTC] PHP   1. {main}() /home/ubuntu/workspace/Views/login.php:0
[17-Jan-2016 14:08:19 UTC] PHP   2. require() /home/ubuntu/workspace/Views/login.php:4
[17-Jan-2016 14:08:19 UTC] PHP Fatal error:  require(): Failed opening required 'Service/session_service.php' (include_path='.:/usr/share/php:/usr/share/pear') in /home/ubuntu/workspace/Controllers/header_controller.php on line 2
[17-Jan-2016 14:08:19 UTC] PHP Stack trace:
[17-Jan-2016 14:08:19 UTC] PHP   1. {main}() /home/ubuntu/workspace/Views/login.php:0
[17-Jan-2016 14:08:19 UTC] PHP   2. require() /home/ubuntu/workspace/Views/login.php:4
[17-Jan-2016 14:39:00 UTC] PHP Fatal error:  Class 'LoginController' not found in /home/ubuntu/workspace/Views/login.php on line 25
[17-Jan-2016 14:39:00 UTC] PHP Stack trace:
[17-Jan-2016 14:39:00 UTC] PHP   1. {main}() /home/ubuntu/workspace/Views/login.php:0
[17-Jan-2016 14:45:32 UTC] PHP Warning:  require(/Controllers/header_controller): failed to open stream: No such file or directory in /home/ubuntu/workspace/Views/header.php on line 3
[17-Jan-2016 14:45:32 UTC] PHP Stack trace:
[17-Jan-2016 14:45:32 UTC] PHP   1. {main}() /home/ubuntu/workspace/Views/index.php:0
[17-Jan-2016 14:45:32 UTC] PHP   2. include() /home/ubuntu/workspace/Views/index.php:2
[17-Jan-2016 14:45:32 UTC] PHP Fatal error:  require(): Failed opening required '/Controllers/header_controller' (include_path='.:/usr/share/php:/usr/share/pear') in /home/ubuntu/workspace/Views/header.php on line 3
[17-Jan-2016 14:45:32 UTC] PHP Stack trace:
[17-Jan-2016 14:45:32 UTC] PHP   1. {main}() /home/ubuntu/workspace/Views/index.php:0
[17-Jan-2016 14:45:32 UTC] PHP   2. include() /home/ubuntu/workspace/Views/index.php:2
[17-Jan-2016 15:11:33 UTC] PHP Warning:  require(../Service/session_service.php): failed to open stream: No such file or directory in /home/ubuntu/workspace/Views/login.php on line 4
[17-Jan-2016 15:11:33 UTC] PHP Stack trace:
[17-Jan-2016 15:11:33 UTC] PHP   1. {main}() /home/ubuntu/workspace/Views/login.php:0
[17-Jan-2016 15:11:33 UTC] PHP Fatal error:  require(): Failed opening required '../Service/session_service.php' (include_path='.:/usr/share/php:/usr/share/pear') in /home/ubuntu/workspace/Views/login.php on line 4
[17-Jan-2016 15:11:33 UTC] PHP Stack trace:
[17-Jan-2016 15:11:33 UTC] PHP   1. {main}() /home/ubuntu/workspace/Views/login.php:0
[17-Jan-2016 15:48:03 UTC] PHP Fatal error:  Class 'LoginController' not found in /home/ubuntu/workspace/Views/login.php on line 6
[17-Jan-2016 15:48:03 UTC] PHP Stack trace:
[17-Jan-2016 15:48:03 UTC] PHP   1. {main}() /home/ubuntu/workspace/Views/login.php:0
[17-Jan-2016 15:48:38 UTC] PHP Warning:  require(Controllers/login_controller.php): failed to open stream: No such file or directory in /home/ubuntu/workspace/Views/login.php on line 5
[17-Jan-2016 15:48:38 UTC] PHP Stack trace:
[17-Jan-2016 15:48:38 UTC] PHP   1. {main}() /home/ubuntu/workspace/Views/login.php:0
[17-Jan-2016 15:48:38 UTC] PHP Fatal error:  require(): Failed opening required 'Controllers/login_controller.php' (include_path='.:/usr/share/php:/usr/share/pear') in /home/ubuntu/workspace/Views/login.php on line 5
[17-Jan-2016 15:48:38 UTC] PHP Stack trace:
[17-Jan-2016 15:48:38 UTC] PHP   1. {main}() /home/ubuntu/workspace/Views/login.php:0
[17-Jan-2016 15:48:47 UTC] PHP Fatal error:  Class 'LoginController' not found in /home/ubuntu/workspace/Views/login.php on line 6
[17-Jan-2016 15:48:47 UTC] PHP Stack trace:
[17-Jan-2016 15:48:47 UTC] PHP   1. {main}() /home/ubuntu/workspace/Views/login.php:0
[17-Jan-2016 15:49:24 UTC] PHP Warning:  require(../../Controllers/login_controller.php): failed to open stream: No such file or directory in /home/ubuntu/workspace/Views/login.php on line 5
[17-Jan-2016 15:49:24 UTC] PHP Stack trace:
[17-Jan-2016 15:49:24 UTC] PHP   1. {main}() /home/ubuntu/workspace/Views/login.php:0
[17-Jan-2016 15:49:24 UTC] PHP Fatal error:  require(): Failed opening required '../../Controllers/login_controller.php' (include_path='.:/usr/share/php:/usr/share/pear') in /home/ubuntu/workspace/Views/login.php on line 5
[17-Jan-2016 15:49:24 UTC] PHP Stack trace:
[17-Jan-2016 15:49:24 UTC] PHP   1. {main}() /home/ubuntu/workspace/Views/login.php:0
[17-Jan-2016 15:52:43 UTC] PHP Warning:  require(Service/SessionService.php): failed to open stream: No such file or directory in /home/ubuntu/workspace/Views/login.php on line 4
[17-Jan-2016 15:52:43 UTC] PHP Stack trace:
[17-Jan-2016 15:52:43 UTC] PHP   1. {main}() /home/ubuntu/workspace/Views/login.php:0
[17-Jan-2016 15:52:43 UTC] PHP Fatal error:  require(): Failed opening required 'Service/SessionService.php' (include_path='.:/usr/share/php:/usr/share/pear') in /home/ubuntu/workspace/Views/login.php on line 4
[17-Jan-2016 15:52:43 UTC] PHP Stack trace:
[17-Jan-2016 15:52:43 UTC] PHP   1. {main}() /home/ubuntu/workspace/Views/login.php:0
[17-Jan-2016 15:52:55 UTC] PHP Warning:  include(Views/header.php): failed to open stream: No such file or directory in /home/ubuntu/workspace/Views/login.php on line 6
[17-Jan-2016 15:52:55 UTC] PHP Stack trace:
[17-Jan-2016 15:52:55 UTC] PHP   1. {main}() /home/ubuntu/workspace/Views/login.php:0
[17-Jan-2016 15:52:55 UTC] PHP Warning:  include(): Failed opening 'Views/header.php' for inclusion (include_path='.:/usr/share/php:/usr/share/pear') in /home/ubuntu/workspace/Views/login.php on line 6
[17-Jan-2016 15:52:55 UTC] PHP Stack trace:
[17-Jan-2016 15:52:55 UTC] PHP   1. {main}() /home/ubuntu/workspace/Views/login.php:0
[17-Jan-2016 15:53:05 UTC] PHP Warning:  require(Controllers/header_controller.php): failed to open stream: No such file or directory in /home/ubuntu/workspace/Views/header.php on line 2
[17-Jan-2016 15:53:05 UTC] PHP Stack trace:
[17-Jan-2016 15:53:05 UTC] PHP   1. {main}() /home/ubuntu/workspace/Views/login.php:0
[17-Jan-2016 15:53:05 UTC] PHP   2. include() /home/ubuntu/workspace/Views/login.php:6
[17-Jan-2016 15:53:05 UTC] PHP Fatal error:  require(): Failed opening required 'Controllers/header_controller.php' (include_path='.:/usr/share/php:/usr/share/pear') in /home/ubuntu/workspace/Views/header.php on line 2
[17-Jan-2016 15:53:05 UTC] PHP Stack trace:
[17-Jan-2016 15:53:05 UTC] PHP   1. {main}() /home/ubuntu/workspace/Views/login.php:0
[17-Jan-2016 15:53:05 UTC] PHP   2. include() /home/ubuntu/workspace/Views/login.php:6
[17-Jan-2016 15:57:44 UTC] PHP Fatal error:  Class 'LoginController' not found in /home/ubuntu/workspace/Views/login.php on line 18
[17-Jan-2016 15:57:44 UTC] PHP Stack trace:
[17-Jan-2016 15:57:44 UTC] PHP   1. {main}() /home/ubuntu/workspace/Views/login.php:0
[17-Jan-2016 15:58:02 UTC] PHP Fatal error:  Class 'LoginController' not found in /home/ubuntu/workspace/Views/login.php on line 18
[17-Jan-2016 15:58:02 UTC] PHP Stack trace:
[17-Jan-2016 15:58:02 UTC] PHP   1. {main}() /home/ubuntu/workspace/Views/login.php:0
[17-Jan-2016 15:58:09 UTC] PHP Fatal error:  Class 'LoginController' not found in /home/ubuntu/workspace/Views/login.php on line 18
[17-Jan-2016 15:58:09 UTC] PHP Stack trace:
[17-Jan-2016 15:58:09 UTC] PHP   1. {main}() /home/ubuntu/workspace/Views/login.php:0
[17-Jan-2016 16:05:35 UTC] PHP Parse error:  syntax error, unexpected '>' in /home/ubuntu/workspace/Controllers/login_controller.php on line 27
[17-Jan-2016 16:08:11 UTC] PHP Warning:  require(Service/SessionService.php): failed to open stream: No such file or directory in /home/ubuntu/workspace/Views/login.php on line 4
[17-Jan-2016 16:08:11 UTC] PHP Stack trace:
[17-Jan-2016 16:08:11 UTC] PHP   1. {main}() /home/ubuntu/workspace/Views/login.php:0
[17-Jan-2016 16:08:11 UTC] PHP Fatal error:  require(): Failed opening required 'Service/SessionService.php' (include_path='.:/usr/share/php:/usr/share/pear') in /home/ubuntu/workspace/Views/login.php on line 4
[17-Jan-2016 16:08:11 UTC] PHP Stack trace:
[17-Jan-2016 16:08:11 UTC] PHP   1. {main}() /home/ubuntu/workspace/Views/login.php:0
[17-Jan-2016 16:08:29 UTC] PHP Warning:  require(Controllers/header_controller.php): failed to open stream: No such file or directory in /home/ubuntu/workspace/Views/header.php on line 2
[17-Jan-2016 16:08:29 UTC] PHP Stack trace:
[17-Jan-2016 16:08:29 UTC] PHP   1. {main}() /home/ubuntu/workspace/Views/login.php:0
[17-Jan-2016 16:08:29 UTC] PHP   2. include() /home/ubuntu/workspace/Views/login.php:6
[17-Jan-2016 16:08:29 UTC] PHP Fatal error:  require(): Failed opening required 'Controllers/header_controller.php' (include_path='.:/usr/share/php:/usr/share/pear') in /home/ubuntu/workspace/Views/header.php on line 2
[17-Jan-2016 16:08:29 UTC] PHP Stack trace:
[17-Jan-2016 16:08:29 UTC] PHP   1. {main}() /home/ubuntu/workspace/Views/login.php:0
[17-Jan-2016 16:08:29 UTC] PHP   2. include() /home/ubuntu/workspace/Views/login.php:6
[17-Jan-2016 16:30:22 UTC] PHP Parse error:  syntax error, unexpected '*' in /home/ubuntu/workspace/Controllers/login_controller.php on line 28
[17-Jan-2016 16:30:22 UTC] PHP Stack trace:
[17-Jan-2016 16:30:22 UTC] PHP   1. {main}() /home/ubuntu/workspace/Views/login.php:0
[17-Jan-2016 16:31:08 UTC] PHP Parse error:  syntax error, unexpected '*' in /home/ubuntu/workspace/Controllers/login_controller.php on line 28
[17-Jan-2016 16:31:08 UTC] PHP Stack trace:
[17-Jan-2016 16:31:08 UTC] PHP   1. {main}() /home/ubuntu/workspace/Views/login.php:0
[17-Jan-2016 16:31:12 UTC] PHP Parse error:  syntax error, unexpected '*' in /home/ubuntu/workspace/Controllers/login_controller.php on line 28
[17-Jan-2016 16:31:12 UTC] PHP Stack trace:
[17-Jan-2016 16:31:12 UTC] PHP   1. {main}() /home/ubuntu/workspace/Views/login.php:0
[17-Jan-2016 16:56:15 UTC] PHP Warning:  require(Configuration/config.php): failed to open stream: No such file or directory in /home/ubuntu/workspace/Views/header.php on line 3
[17-Jan-2016 16:56:15 UTC] PHP Stack trace:
[17-Jan-2016 16:56:15 UTC] PHP   1. {main}() /home/ubuntu/workspace/Views/login.php:0
[17-Jan-2016 16:56:15 UTC] PHP   2. include() /home/ubuntu/workspace/Views/login.php:6
[17-Jan-2016 16:56:15 UTC] PHP Fatal error:  require(): Failed opening required 'Configuration/config.php' (include_path='.:/usr/share/php:/usr/share/pear') in /home/ubuntu/workspace/Views/header.php on line 3
[17-Jan-2016 16:56:15 UTC] PHP Stack trace:
[17-Jan-2016 16:56:15 UTC] PHP   1. {main}() /home/ubuntu/workspace/Views/login.php:0
[17-Jan-2016 16:56:15 UTC] PHP   2. include() /home/ubuntu/workspace/Views/login.php:6
[17-Jan-2016 17:11:21 UTC] PHP Fatal error:  Class 'HeaderController' not found in /home/ubuntu/workspace/Views/header.php on line 2
[17-Jan-2016 17:11:21 UTC] PHP Stack trace:
[17-Jan-2016 17:11:21 UTC] PHP   1. {main}() /home/ubuntu/workspace/Views/login.php:0
[17-Jan-2016 17:11:21 UTC] PHP   2. include() /home/ubuntu/workspace/Views/login.php:7
[17-Jan-2016 17:17:24 UTC] PHP Fatal error:  Class 'HeaderController' not found in /home/ubuntu/workspace/Views/header.php on line 3
[17-Jan-2016 17:17:24 UTC] PHP Stack trace:
[17-Jan-2016 17:17:24 UTC] PHP   1. {main}() /home/ubuntu/workspace/Views/login.php:0
[17-Jan-2016 17:17:24 UTC] PHP   2. include() /home/ubuntu/workspace/Views/login.php:7
[17-Jan-2016 17:18:11 UTC] PHP Warning:  require_once(Controllers/header_controller.php): failed to open stream: No such file or directory in /home/ubuntu/workspace/Views/header.php on line 2
[17-Jan-2016 17:18:11 UTC] PHP Stack trace:
[17-Jan-2016 17:18:11 UTC] PHP   1. {main}() /home/ubuntu/workspace/Views/login.php:0
[17-Jan-2016 17:18:11 UTC] PHP   2. include() /home/ubuntu/workspace/Views/login.php:7
[17-Jan-2016 17:18:11 UTC] PHP Fatal error:  require_once(): Failed opening required 'Controllers/header_controller.php' (include_path='.:/usr/share/php:/usr/share/pear') in /home/ubuntu/workspace/Views/header.php on line 2
[17-Jan-2016 17:18:11 UTC] PHP Stack trace:
[17-Jan-2016 17:18:11 UTC] PHP   1. {main}() /home/ubuntu/workspace/Views/login.php:0
[17-Jan-2016 17:18:11 UTC] PHP   2. include() /home/ubuntu/workspace/Views/login.php:7
[17-Jan-2016 17:18:24 UTC] PHP Warning:  require_once(/Controllers/header_controller.php): failed to open stream: No such file or directory in /home/ubuntu/workspace/Views/header.php on line 2
[17-Jan-2016 17:18:24 UTC] PHP Stack trace:
[17-Jan-2016 17:18:24 UTC] PHP   1. {main}() /home/ubuntu/workspace/Views/login.php:0
[17-Jan-2016 17:18:24 UTC] PHP   2. include() /home/ubuntu/workspace/Views/login.php:7
[17-Jan-2016 17:18:24 UTC] PHP Fatal error:  require_once(): Failed opening required '/Controllers/header_controller.php' (include_path='.:/usr/share/php:/usr/share/pear') in /home/ubuntu/workspace/Views/header.php on line 2
[17-Jan-2016 17:18:24 UTC] PHP Stack trace:
[17-Jan-2016 17:18:24 UTC] PHP   1. {main}() /home/ubuntu/workspace/Views/login.php:0
[17-Jan-2016 17:18:24 UTC] PHP   2. include() /home/ubuntu/workspace/Views/login.php:7
[17-Jan-2016 17:19:04 UTC] PHP Warning:  require_once(/home/ubuntu/workspace/Configuration/../../../..//Controllers/header_controller.php): failed to open stream: No such file or directory in /home/ubuntu/workspace/Views/header.php on line 2
[17-Jan-2016 17:19:04 UTC] PHP Stack trace:
[17-Jan-2016 17:19:04 UTC] PHP   1. {main}() /home/ubuntu/workspace/Views/login.php:0
[17-Jan-2016 17:19:04 UTC] PHP   2. include() /home/ubuntu/workspace/Views/login.php:7
[17-Jan-2016 17:19:04 UTC] PHP Fatal error:  require_once(): Failed opening required '/home/ubuntu/workspace/Configuration/../../../..//Controllers/header_controller.php' (include_path='.:/usr/share/php:/usr/share/pear') in /home/ubuntu/workspace/Views/header.php on line 2
[17-Jan-2016 17:19:04 UTC] PHP Stack trace:
[17-Jan-2016 17:19:04 UTC] PHP   1. {main}() /home/ubuntu/workspace/Views/login.php:0
[17-Jan-2016 17:19:04 UTC] PHP   2. include() /home/ubuntu/workspace/Views/login.php:7
[17-Jan-2016 17:19:16 UTC] PHP Warning:  require_once(/home/ubuntu/workspace/Configuration/../../../../Controllers/header_controller.php): failed to open stream: No such file or directory in /home/ubuntu/workspace/Views/header.php on line 2
[17-Jan-2016 17:19:16 UTC] PHP Stack trace:
[17-Jan-2016 17:19:16 UTC] PHP   1. {main}() /home/ubuntu/workspace/Views/login.php:0
[17-Jan-2016 17:19:16 UTC] PHP   2. include() /home/ubuntu/workspace/Views/login.php:7
[17-Jan-2016 17:19:16 UTC] PHP Fatal error:  require_once(): Failed opening required '/home/ubuntu/workspace/Configuration/../../../../Controllers/header_controller.php' (include_path='.:/usr/share/php:/usr/share/pear') in /home/ubuntu/workspace/Views/header.php on line 2
[17-Jan-2016 17:19:16 UTC] PHP Stack trace:
[17-Jan-2016 17:19:16 UTC] PHP   1. {main}() /home/ubuntu/workspace/Views/login.php:0
[17-Jan-2016 17:19:16 UTC] PHP   2. include() /home/ubuntu/workspace/Views/login.php:7
[17-Jan-2016 17:26:01 UTC] PHP Fatal error:  Class 'session_service' not found in /home/ubuntu/workspace/Controllers/header_controller.php on line 13
[17-Jan-2016 17:26:01 UTC] PHP Stack trace:
[17-Jan-2016 17:26:01 UTC] PHP   1. {main}() /home/ubuntu/workspace/Views/home.php:0
[17-Jan-2016 17:26:01 UTC] PHP   2. include() /home/ubuntu/workspace/Views/home.php:2
[17-Jan-2016 17:26:01 UTC] PHP   3. HeaderController::logout() /home/ubuntu/workspace/Views/header.php:14
[17-Jan-2016 17:26:25 UTC] PHP Fatal error:  Class 'session_service' not found in /home/ubuntu/workspace/Controllers/header_controller.php on line 13
[17-Jan-2016 17:26:25 UTC] PHP Stack trace:
[17-Jan-2016 17:26:25 UTC] PHP   1. {main}() /home/ubuntu/workspace/Views/home.php:0
[17-Jan-2016 17:26:25 UTC] PHP   2. include() /home/ubuntu/workspace/Views/home.php:2
[17-Jan-2016 17:26:25 UTC] PHP   3. HeaderController::logout() /home/ubuntu/workspace/Views/header.php:14
[17-Jan-2016 17:54:21 UTC] PHP Fatal error:  Class 'session_service' not found in /home/ubuntu/workspace/Controllers/login_controller.php on line 10
[17-Jan-2016 17:54:21 UTC] PHP Stack trace:
[17-Jan-2016 17:54:21 UTC] PHP   1. {main}() /home/ubuntu/workspace/Views/login.php:0
[17-Jan-2016 17:54:21 UTC] PHP   2. LoginController::index() /home/ubuntu/workspace/Views/login.php:24
[17-Jan-2016 17:54:45 UTC] PHP Fatal error:  Class 'session_service' not found in /home/ubuntu/workspace/Controllers/login_controller.php on line 10
[17-Jan-2016 17:54:45 UTC] PHP Stack trace:
[17-Jan-2016 17:54:45 UTC] PHP   1. {main}() /home/ubuntu/workspace/Views/login.php:0
[17-Jan-2016 17:54:45 UTC] PHP   2. LoginController::index() /home/ubuntu/workspace/Views/login.php:24
[17-Jan-2016 18:02:03 UTC] PHP Fatal error:  Class 'session_service' not found in /home/ubuntu/workspace/Controllers/login_controller.php on line 10
[17-Jan-2016 18:02:03 UTC] PHP Stack trace:
[17-Jan-2016 18:02:03 UTC] PHP   1. {main}() /home/ubuntu/workspace/Views/login.php:0
[17-Jan-2016 18:02:03 UTC] PHP   2. LoginController::index() /home/ubuntu/workspace/Views/login.php:24
[17-Jan-2016 18:02:19 UTC] PHP Fatal error:  Class 'session_service' not found in /home/ubuntu/workspace/Controllers/login_controller.php on line 10
[17-Jan-2016 18:02:19 UTC] PHP Stack trace:
[17-Jan-2016 18:02:19 UTC] PHP   1. {main}() /home/ubuntu/workspace/Views/login.php:0
[17-Jan-2016 18:02:19 UTC] PHP   2. LoginController::index() /home/ubuntu/workspace/Views/login.php:24
[17-Jan-2016 18:16:57 UTC] PHP Warning:  require(../Service/TodoService): failed to open stream: No such file or directory in /home/ubuntu/workspace/Controllers/todo_controller.php on line 2
[17-Jan-2016 18:16:57 UTC] PHP Stack trace:
[17-Jan-2016 18:16:57 UTC] PHP   1. {main}() /home/ubuntu/workspace/Views/home.php:0
[17-Jan-2016 18:16:57 UTC] PHP   2. require() /home/ubuntu/workspace/Views/home.php:2
[17-Jan-2016 18:16:57 UTC] PHP Fatal error:  require(): Failed opening required '../Service/TodoService' (include_path='.:/usr/share/php:/usr/share/pear') in /home/ubuntu/workspace/Controllers/todo_controller.php on line 2
[17-Jan-2016 18:16:57 UTC] PHP Stack trace:
[17-Jan-2016 18:16:57 UTC] PHP   1. {main}() /home/ubuntu/workspace/Views/home.php:0
[17-Jan-2016 18:16:57 UTC] PHP   2. require() /home/ubuntu/workspace/Views/home.php:2
[17-Jan-2016 18:17:58 UTC] PHP Warning:  Invalid argument supplied for foreach() in /home/ubuntu/workspace/Controllers/todo_controller.php on line 13
[17-Jan-2016 18:17:58 UTC] PHP Stack trace:
[17-Jan-2016 18:17:58 UTC] PHP   1. {main}() /home/ubuntu/workspace/Views/home.php:0
[17-Jan-2016 18:17:58 UTC] PHP   2. TodoController::list_all_todos() /home/ubuntu/workspace/Views/home.php:5
[17-Jan-2016 18:29:07 UTC] PHP Fatal error:  Class 'HomeController' not found in /home/ubuntu/workspace/Views/home.php on line 8
[17-Jan-2016 18:29:07 UTC] PHP Stack trace:
[17-Jan-2016 18:29:07 UTC] PHP   1. {main}() /home/ubuntu/workspace/Views/home.php:0
[17-Jan-2016 18:29:11 UTC] PHP Fatal error:  Class 'HomeController' not found in /home/ubuntu/workspace/Views/home.php on line 8
[17-Jan-2016 18:29:11 UTC] PHP Stack trace:
[17-Jan-2016 18:29:11 UTC] PHP   1. {main}() /home/ubuntu/workspace/Views/home.php:0
